 Frequency (New) [cm-1] | Raman Int. [A^4/amu] | Depol ratio (lin) | Depol ratio (nat)
 -------------------------------------------------------------------------------------
 Mode #1:      43.540159          17.053746           0.484031           0.652319    A
 Mode #2:      79.802849           1.144268           0.644653           0.783938    A
 Mode #3:      97.147613           7.273497           0.718212           0.835999    A
 Mode #4:     148.396525          17.194074           0.359579           0.528956    A
 Mode #5:     183.764055           1.135836           0.656964           0.792973    A
 Mode #6:     240.855841          15.985065           0.327984           0.493958    A
 Mode #7:     252.665212           2.880740           0.535490           0.697484    A
 Mode #8:     293.856397           3.464114           0.464003           0.633883    A
 Mode #9:     336.736166         160.982794           0.384182           0.555103    A
 Mode #10:    390.408385           1.906140           0.436063           0.607303    A
 Mode #11:    400.031989           8.852879           0.399454           0.570871    A
 Mode #12:    512.835515           8.031489           0.656347           0.792524    A
 Mode #13:    557.427903          88.307655           0.403663           0.575157    A
 Mode #14:    607.626410          97.889492           0.352276           0.521012    A
 Mode #15:    623.150669           7.172473           0.565028           0.722067    A
 Mode #16:    653.910430          72.881531           0.429802           0.601205    A
 Mode #17:    715.897343           2.601888           0.403366           0.574855    A
 Mode #18:    741.015924          17.017082           0.229258           0.373002    A
 Mode #19:    794.291674           8.657152           0.163507           0.281059    A
 Mode #20:    807.736420           9.341330           0.116828           0.209213    A
 Mode #21:    882.405391         131.257388           0.333161           0.499806    A
 Mode #22:    891.979543           7.152720           0.652972           0.790058    A
 Mode #23:    910.145547          12.220721           0.058145           0.109900    A
 Mode #24:    923.821542           5.195783           0.405042           0.576555    A
 Mode #25:    932.986016          51.641627           0.359095           0.528433    A
 Mode #26:    958.053733           5.015614           0.215157           0.354123    A
 Mode #27:    969.895422           0.541275           0.379689           0.550398    A
 Mode #28:    998.596415          13.318315           0.452393           0.622962    A
 Mode #29:   1010.421927          25.734011           0.207511           0.343700    A
 Mode #30:   1024.530499          41.947427           0.346775           0.514971    A
 Mode #31:   1036.120537          57.018357           0.289389           0.448878    A
 Mode #32:   1065.944923          31.525630           0.200016           0.333355    A
 Mode #33:   1098.646992          60.304151           0.434467           0.605754    A
 Mode #34:   1105.511754           2.662491           0.361626           0.531168    A
 Mode #35:   1135.851225          69.355689           0.314843           0.478906    A
 Mode #36:   1163.991640         246.585539           0.361265           0.530779    A
 Mode #37:   1182.324975         329.686118           0.371137           0.541357    A
 Mode #38:   1186.206361          57.784874           0.271673           0.427269    A
 Mode #39:   1197.608389          37.759318           0.340563           0.508089    A
 Mode #40:   1201.387884          32.256945           0.244290           0.392658    A
 Mode #41:   1237.026384           7.822043           0.143968           0.251700    A
 Mode #42:   1251.766358           8.574549           0.362962           0.532608    A
 Mode #43:   1262.664443          33.618383           0.482378           0.650816    A
 Mode #44:   1274.152871          61.325439           0.456290           0.626647    A
 Mode #45:   1295.897379         249.686582           0.363064           0.532717    A
 Mode #46:   1304.551303          54.481196           0.414775           0.586348    A
 Mode #47:   1325.167754          93.868943           0.412526           0.584097    A
 Mode #48:   1340.383833         352.853884           0.371210           0.541435    A
 Mode #49:   1400.549109          97.142358           0.335669           0.502623    A
 Mode #50:   1413.161779         134.392299           0.358683           0.527987    A
 Mode #51:   1440.284841           9.467979           0.616409           0.762689    A
 Mode #52:   1441.938982          23.313139           0.458043           0.628298    A
 Mode #53:   1448.950922          30.329507           0.465288           0.635081    A
 Mode #54:   1455.445596          19.548272           0.580425           0.734517    A
 Mode #55:   1456.410759          21.075625           0.447429           0.618239    A
 Mode #56:   1469.873577          34.301847           0.516474           0.681152    A
 Mode #57:   1554.688686        1164.680074           0.331932           0.498422    A
 Mode #58:   1573.916552         807.247399           0.371727           0.541984    A

 Delta = VROA Intensity = Int(R) - Int(L)
 CID = Circular Intensity Differential = VROA Int.  / Raman Int. = (Int(R)-Int(L))/(Int(R)+Int(L))
 Forward scattering     : Delta(0),    CID(0)
 Backward scattering    : Delta(180),  CID(180)
 Polarized scattering   : Delta_x(90), CID_x(90)
 Depolarized scattering : Delta_z(90), CID_z(90)
 Delta in unit (A^4/amu) multiplied by 1000, CID dimensionless multiplied by 1000

 Frequency (New) [cm-1] |      Delta(0)     |      Delta(180)   |      Delta_x(90)  |      Delta_z(90)
 -------------------------------------------------------------------------------------------------------
 Mode #1:      43.540159            -39.7318            -54.4707            -23.5506            -13.6177    A
 Mode #2:      79.802849             -0.6925             -1.7761             -0.6172             -0.4440    A
 Mode #3:      97.147613             -3.6757             -6.4366             -2.5281             -1.6092    A
 Mode #4:     148.396525            -91.6281            -90.7743            -45.6006            -22.6936    A
 Mode #5:     183.764055             -6.6998            -19.2505             -6.4876             -4.8126    A
 Mode #6:     240.855841            -64.5439            -57.7684            -30.5781            -14.4421    A
 Mode #7:     252.665212             -6.6676              0.3246             -1.5858              0.0811    A
 Mode #8:     293.856397            -32.2877            -45.8296            -19.5293            -11.4574    A
 Mode #9:     336.736166          -1121.5989          -1278.2933           -599.9730           -319.5733    A
 Mode #10:    390.408385             -2.8589             -7.4866             -2.5864             -1.8717    A
 Mode #11:    400.031989            -36.8944            -33.9916            -17.7215             -8.4979    A
 Mode #12:    512.835515            -27.9661            -21.2740            -12.3100             -5.3185    A
 Mode #13:    557.427903           -545.9553           -703.2521           -312.3018           -175.8130    A
 Mode #14:    607.626410           -803.9767           -884.0078           -421.9961           -221.0020    A
 Mode #15:    623.150669             -5.8718             -0.2685             -1.5351             -0.0671    A
 Mode #16:    653.910430           -481.1410           -604.0792           -271.3051           -151.0198    A
 Mode #17:    715.897343            -22.4161            -21.7250            -11.0353             -5.4313    A
 Mode #18:    741.015924            -94.6075            -73.5607            -42.0420            -18.3902    A
 Mode #19:    794.291674            -82.7357            -43.8220            -31.6394            -10.9555    A
 Mode #20:    807.736420             -2.7494             -8.7334             -2.8707             -2.1834    A
 Mode #21:    882.405391          -1044.5292          -1131.4515           -543.9952           -282.8629    A
 Mode #22:    891.979543              0.6065             -4.8706             -1.0660             -1.2176    A
 Mode #23:    910.145547             53.7089             -8.5029             11.3015             -2.1257    A
 Mode #24:    923.821542             -7.2205              2.1058             -1.2787              0.5265    A
 Mode #25:    932.986016           -249.4226           -215.3209           -116.1859            -53.8302    A
 Mode #26:    958.053733            -28.9125            -32.7306            -15.4108             -8.1826    A
 Mode #27:    969.895422              0.3953              2.7858              0.7953              0.6965    A
 Mode #28:    998.596415            -26.8260            -24.2943            -12.7801             -6.0736    A
 Mode #29:   1010.421927            -48.0113            -75.9997            -31.0028            -18.9999    A
 Mode #30:   1024.530499            -84.9219           -108.6203            -48.3855            -27.1551    A
 Mode #31:   1036.120537           -187.4912           -328.2188           -128.9275            -82.0547    A
 Mode #32:   1065.944923            -88.0289           -128.4293            -54.1146            -32.1073    A
 Mode #33:   1098.646992           -377.4770           -414.5665           -198.0109           -103.6416    A
 Mode #34:   1105.511754             -0.4618             -4.4816             -1.2359             -1.1204    A
 Mode #35:   1135.851225           -583.0212           -547.4657           -282.6217           -136.8664    A
 Mode #36:   1163.991640          -1662.0427          -2022.2412           -921.0710           -505.5603    A
 Mode #37:   1182.324975          -2626.9292          -2577.9252          -1301.2136           -644.4813    A
 Mode #38:   1186.206361           -489.4546           -467.9787           -239.3583           -116.9947    A
 Mode #39:   1197.608389           -138.4808           -121.0352            -64.8790            -30.2588    A
 Mode #40:   1201.387884            -19.5037            -43.7613            -15.8163            -10.9403    A
 Mode #41:   1237.026384              2.4396             18.9690              5.3521              4.7422    A
 Mode #42:   1251.766358            -31.3796            -28.9325            -15.0780             -7.2331    A
 Mode #43:   1262.664443           -246.9846           -323.2149           -142.5499            -80.8037    A
 Mode #44:   1274.152871           -398.2840           -579.6883           -244.4931           -144.9221    A
 Mode #45:   1295.897379          -1647.4599          -2162.9758           -952.6089           -540.7439    A
 Mode #46:   1304.551303           -248.6621           -289.3742           -134.5091            -72.3435    A
 Mode #47:   1325.167754           -652.7964           -975.1469           -406.9858           -243.7867    A
 Mode #48:   1340.383833          -2655.4313          -2997.1535          -1413.1462           -749.2884    A
 Mode #49:   1400.549109           -816.1208           -832.7042           -412.2063           -208.1761    A
 Mode #50:   1413.161779          -1145.5259          -1245.3627           -597.7221           -311.3407    A
 Mode #51:   1440.284841            -13.6672             39.7546              6.5218              9.9386    A
 Mode #52:   1441.938982            -77.3516            -95.9412            -43.3232            -23.9853    A
 Mode #53:   1448.950922            -68.6654            -46.2372            -28.7257            -11.5593    A
 Mode #54:   1455.445596            -71.1807           -160.0512            -57.8080            -40.0128    A
 Mode #55:   1456.410759            -17.1926            -22.5731             -9.9414             -5.6433    A
 Mode #56:   1469.873577           -119.5728           -118.1454            -59.4295            -29.5363    A
 Mode #57:   1554.688686          -8689.5583          -9092.3304          -4445.4722          -2273.0826    A
 Mode #58:   1573.916552          -3899.6649          -5095.5170          -2248.7955          -1273.8792    A

 Frequency (New) [cm-1] |      CID(0)       |      CID(180)     |      CID_x(90)    |      CID_z(90)
 -------------------------------------------------------------------------------------------------------
 Mode #1:      43.540159             -1.1649             -1.5970             -1.3810             -1.2241    A
 Mode #2:      79.802849             -0.3026             -0.7761             -0.5394             -0.4950    A
 Mode #3:      97.147613             -0.2527             -0.4425             -0.3476             -0.2646    A
 Mode #4:     148.396525             -2.6645             -2.6397             -2.6521             -2.4952    A
 Mode #5:     183.764055             -2.9493             -8.4742             -5.7117             -5.3433    A
 Mode #6:     240.855841             -2.0189             -1.8070             -1.9129             -1.8291    A
 Mode #7:     252.665212             -1.1573              0.0563             -0.5505              0.0404    A
 Mode #8:     293.856397             -4.6603             -6.6149             -5.6376             -5.2178    A
 Mode #9:     336.736166             -3.4836             -3.9703             -3.7269             -3.5762    A
 Mode #10:    390.408385             -0.7499             -1.9638             -1.3569             -1.6168    A
 Mode #11:    400.031989             -2.0838             -1.9198             -2.0018             -1.6815    A
 Mode #12:    512.835515             -1.7410             -1.3244             -1.5327             -0.8356    A
 Mode #13:    557.427903             -3.0912             -3.9818             -3.5365             -3.4615    A
 Mode #14:    607.626410             -4.1066             -4.5153             -4.3109             -4.3332    A
 Mode #15:    623.150669             -0.4093             -0.0187             -0.2140             -0.0130    A
 Mode #16:    653.910430             -3.3008             -4.1443             -3.7225             -3.4466    A
 Mode #17:    715.897343             -4.3077             -4.1749             -4.2413             -3.6312    A
 Mode #18:    741.015924             -2.7798             -2.1614             -2.4706             -2.8973    A
 Mode #19:    794.291674             -4.7785             -2.5310             -3.6547             -4.5026    A
 Mode #20:    807.736420             -0.1472             -0.4675             -0.3073             -1.1172    A
 Mode #21:    882.405391             -3.9789             -4.3100             -4.1445             -4.3117    A
 Mode #22:    891.979543              0.0424             -0.3405             -0.1490             -0.2155    A
 Mode #23:    910.145547              2.1975             -0.3479              0.9248             -1.5827    A
 Mode #24:    923.821542             -0.6948              0.2026             -0.2461              0.1757    A
 Mode #25:    932.986016             -2.4149             -2.0848             -2.2498             -1.9726    A
 Mode #26:    958.053733             -2.8822             -3.2629             -3.0726             -4.6070    A
 Mode #27:    969.895422              0.3651              2.5734              1.4693              2.3377    A
 Mode #28:    998.596415             -1.0071             -0.9121             -0.9596             -0.7320    A
 Mode #29:   1010.421927             -0.9328             -1.4766             -1.2047             -2.1482    A
 Mode #30:   1024.530499             -1.0122             -1.2947             -1.1535             -1.2571    A
 Mode #31:   1036.120537             -1.6441             -2.8782             -2.2612             -3.2060    A
 Mode #32:   1065.944923             -1.3961             -2.0369             -1.7165             -3.0552    A
 Mode #33:   1098.646992             -3.1298             -3.4373             -3.2835             -2.8372    A
 Mode #34:   1105.511754             -0.0867             -0.8416             -0.4642             -0.7922    A
 Mode #35:   1135.851225             -4.2031             -3.9468             -4.0750             -4.1206    A
 Mode #36:   1163.991640             -3.3701             -4.1005             -3.7353             -3.8627    A
 Mode #37:   1182.324975             -3.9840             -3.9097             -3.9468             -3.6110    A
 Mode #38:   1186.206361             -4.2351             -4.0493             -4.1422             -4.7386    A
 Mode #39:   1197.608389             -1.8337             -1.6027             -1.7182             -1.5772    A
 Mode #40:   1201.387884             -0.3023             -0.6783             -0.4903             -0.8638    A
 Mode #41:   1237.026384              0.1559              1.2125              0.6842              2.4087    A
 Mode #42:   1251.766358             -1.8298             -1.6871             -1.7585             -1.5838    A
 Mode #43:   1262.664443             -3.6734             -4.8071             -4.2402             -3.6931    A
 Mode #44:   1274.152871             -3.2473             -4.7263             -3.9868             -3.7711    A
 Mode #45:   1295.897379             -3.2991             -4.3314             -3.8152             -4.0654    A
 Mode #46:   1304.551303             -2.2821             -2.6557             -2.4689             -2.2646    A
 Mode #47:   1325.167754             -3.4772             -5.1942             -4.3357             -4.4463    A
 Mode #48:   1340.383833             -3.7628             -4.2470             -4.0049             -3.9220    A
 Mode #49:   1400.549109             -4.2006             -4.2860             -4.2433             -4.2636    A
 Mode #50:   1413.161779             -4.2619             -4.6333             -4.4476             -4.3877    A
 Mode #51:   1440.284841             -0.7218              2.0994              0.6888              1.3763    A
 Mode #52:   1441.938982             -1.6590             -2.0577             -1.8583             -1.6375    A
 Mode #53:   1448.950922             -1.1320             -0.7622             -0.9471             -0.6001    A
 Mode #54:   1455.445596             -1.8206             -4.0937             -2.9572             -2.7867    A
 Mode #55:   1456.410759             -0.4079             -0.5355             -0.4717             -0.4331    A
 Mode #56:   1469.873577             -1.7429             -1.7221             -1.7325             -1.2641    A
 Mode #57:   1554.688686             -3.7304             -3.9034             -3.8169             -3.9157    A
 Mode #58:   1573.916552             -2.4154             -3.1561             -2.7858             -2.9116    A

