
 Frequency (New) [cm-1] | Raman Int. [A^4/amu] | Depol ratio (lin) | Depol ratio (nat)
 -------------------------------------------------------------------------------------
 Mode #1:      43.556171          17.057001           0.483965           0.652260    A
 Mode #2:      79.831139           1.143025           0.645548           0.784599    A
 Mode #3:      97.115096           7.281014           0.717862           0.835762    A
 Mode #4:     148.416993          17.187054           0.359664           0.529048    A
 Mode #5:     183.764140           1.132654           0.657648           0.793471    A
 Mode #6:     240.850466          15.963513           0.327889           0.493850    A
 Mode #7:     252.714525           2.874181           0.535983           0.697902    A
 Mode #8:     293.848311           3.470110           0.463755           0.633651    A
 Mode #9:     336.724387         160.982611           0.384192           0.555114    A
 Mode #10:    390.424175           1.913427           0.435629           0.606882    A
 Mode #11:    400.041559           8.850714           0.399441           0.570858    A
 Mode #12:    512.852476           8.043332           0.655954           0.792237    A
 Mode #13:    557.443833          88.346243           0.403662           0.575156    A
 Mode #14:    607.625091          97.879994           0.352256           0.520990    A
 Mode #15:    623.143679           7.167751           0.565505           0.722457    A
 Mode #16:    653.907556          72.880151           0.429808           0.601211    A
 Mode #17:    715.892130           2.601497           0.403405           0.574894    A
 Mode #18:    741.040629          16.975686           0.229226           0.372960    A
 Mode #19:    794.303993           8.678752           0.163346           0.280821    A
 Mode #20:    807.736207           9.357263           0.116735           0.209064    A
 Mode #21:    882.397559         131.234108           0.333139           0.499782    A
 Mode #22:    892.001673           7.146386           0.653242           0.790255    A
 Mode #23:    910.147900          12.220398           0.058171           0.109947    A
 Mode #24:    923.820151           5.196522           0.405215           0.576730    A
 Mode #25:    932.991696          51.638515           0.359092           0.528430    A
 Mode #26:    958.057883           5.015765           0.215065           0.353997    A
 Mode #27:    969.886287           0.539093           0.379741           0.550452    A
 Mode #28:    998.594707          13.329401           0.452318           0.622891    A
 Mode #29:   1010.420186          25.729138           0.207455           0.343624    A
 Mode #30:   1024.526128          41.945206           0.346791           0.514988    A
 Mode #31:   1036.119775          57.005070           0.289359           0.448842    A
 Mode #32:   1065.941169          31.549845           0.199987           0.333315    A
 Mode #33:   1098.650200          60.367854           0.434381           0.605671    A
 Mode #34:   1105.501824           2.670281           0.360381           0.529823    A
 Mode #35:   1135.837416          69.283293           0.314846           0.478909    A
 Mode #36:   1163.992575         246.574005           0.361268           0.530781    A
 Mode #37:   1182.306583         329.778150           0.371113           0.541331    A
 Mode #38:   1186.204098          57.728495           0.271608           0.427188    A
 Mode #39:   1197.607180          37.770067           0.340619           0.508152    A
 Mode #40:   1201.382500          32.256097           0.244259           0.392617    A
 Mode #41:   1237.025999           7.818493           0.144063           0.251844    A
 Mode #42:   1251.775892           8.578704           0.362711           0.532337    A
 Mode #43:   1262.661598          33.610913           0.482365           0.650804    A
 Mode #44:   1274.155218          61.332418           0.456305           0.626662    A
 Mode #45:   1295.890024         249.468679           0.363093           0.532749    A
 Mode #46:   1304.568596          54.446599           0.414816           0.586389    A
 Mode #47:   1325.160416          93.867693           0.412478           0.584049    A
 Mode #48:   1340.389085         352.991929           0.371200           0.541424    A
 Mode #49:   1400.546370          97.133072           0.335648           0.502600    A
 Mode #50:   1413.162049         134.364640           0.358673           0.527976    A
 Mode #51:   1440.293528           9.474767           0.616142           0.762485    A
 Mode #52:   1441.936160          23.299745           0.458118           0.628369    A
 Mode #53:   1448.948928          30.283725           0.465526           0.635302    A
 Mode #54:   1455.448053          19.548471           0.580473           0.734556    A
 Mode #55:   1456.415792          21.075733           0.447482           0.618290    A
 Mode #56:   1469.887594          34.287363           0.516499           0.681173    A
 Mode #57:   1554.686424        1164.547006           0.331927           0.498416    A
 Mode #58:   1573.916890         807.231336           0.371730           0.541987    A

 Delta = VROA Intensity = Int(R) - Int(L)
 CID = Circular Intensity Differential = VROA Int.  / Raman Int. = (Int(R)-Int(L))/(Int(R)+Int(L))
 Forward scattering     : Delta(0),    CID(0)
 Backward scattering    : Delta(180),  CID(180)
 Polarized scattering   : Delta_x(90), CID_x(90)
 Depolarized scattering : Delta_z(90), CID_z(90)
 Delta in unit (A^4/amu) multiplied by 1000, CID dimensionless multiplied by 1000

 Frequency (New) [cm-1] |      Delta(0)     |      Delta(180)   |      Delta_x(90)  |      Delta_z(90)
 -------------------------------------------------------------------------------------------------------
 Mode #1:      43.556171             39.7369             54.4683             23.5513             13.6171    A
 Mode #2:      79.831139              0.6773              1.7755              0.6132              0.4439    A
 Mode #3:      97.115096              3.6996              6.3953              2.5237              1.5988    A
 Mode #4:     148.416993             91.5637             90.7095             45.5683             22.6774    A
 Mode #5:     183.764140              6.6597             19.1980              6.4644              4.7995    A
 Mode #6:     240.850466             64.4367             57.6356             30.5181             14.4089    A
 Mode #7:     252.714525              6.5638             -0.5145              1.5123             -0.1286    A
 Mode #8:     293.848311             32.4055             45.9174             19.5807             11.4794    A
 Mode #9:     336.724387           1121.5700           1278.3039            599.9685            319.5760    A
 Mode #10:    390.424175              2.8930              7.4820              2.5937              1.8705    A
 Mode #11:    400.041559             36.8786             33.9621             17.7102              8.4905    A
 Mode #12:    512.852476             28.0629             21.3264             12.3473              5.3316    A
 Mode #13:    557.443833            546.2520            703.6522            312.4761            175.9130    A
 Mode #14:    607.625091            803.8952            883.8822            421.9443            220.9705    A
 Mode #15:    623.143679              5.8102              0.1785              1.4972              0.0446    A
 Mode #16:    653.907556            481.1112            604.0672            271.2946            151.0168    A
 Mode #17:    715.892130             22.4146             21.7207             11.0338              5.4302    A
 Mode #18:    741.040629             94.3082             73.3173             41.9064             18.3293    A
 Mode #19:    794.303993             82.8788             43.8716             31.6876             10.9679    A
 Mode #20:    807.736207              2.8637              8.7823              2.9115              2.1956    A
 Mode #21:    882.397559           1044.3343           1131.2205            543.8887            282.8051    A
 Mode #22:    892.001673             -0.6158              4.8512              1.0589              1.2128    A
 Mode #23:    910.147900            -53.7259              8.5148            -11.3028              2.1287    A
 Mode #24:    923.820151              7.2150             -2.1271              1.2720             -0.5318    A
 Mode #25:    932.991696            249.4636            215.4195            116.2208             53.8549    A
 Mode #26:    958.057883             28.9048             32.7213             15.4065              8.1803    A
 Mode #27:    969.886287             -0.3983             -2.8207             -0.8047             -0.7052    A
 Mode #28:    998.594707             26.8773             24.3634             12.8102              6.0908    A
 Mode #29:   1010.420186             47.9476             75.9289             30.9691             18.9822    A
 Mode #30:   1024.526128             84.9389            108.6307             48.3924             27.1577    A
 Mode #31:   1036.119775            187.3899            327.9923            128.8455             81.9981    A
 Mode #32:   1065.941169             88.1239            128.5555             54.1698             32.1389    A
 Mode #33:   1098.650200            378.0585            415.0953            198.2884            103.7738    A
 Mode #34:   1105.501824              0.4847              4.4388              1.2309              1.1097    A
 Mode #35:   1135.837416            582.4402            546.9801            282.3551            136.7450    A
 Mode #36:   1163.992575           1662.0568           2022.2766            921.0833            505.5691    A
 Mode #37:   1182.306583           2627.8454           2578.7611           1301.6516            644.6903    A
 Mode #38:   1186.204098            488.9509            467.4870            239.1095            116.8718    A
 Mode #39:   1197.607180            138.5705            121.1294             64.9250             30.2824    A
 Mode #40:   1201.382500             19.5073             43.7507             15.8145             10.9377    A
 Mode #41:   1237.025999             -2.4554            -19.0068             -5.3656             -4.7517    A
 Mode #42:   1251.775892             31.4005             28.9348             15.0838              7.2337    A
 Mode #43:   1262.661598            246.9446            323.1493            142.5235             80.7873    A
 Mode #44:   1274.155218            398.3478            579.8557            244.5509            144.9639    A
 Mode #45:   1295.890024           1645.9222           2161.3263            951.8121            540.3316    A
 Mode #46:   1304.568596            248.2727            289.0053            134.3195             72.2513    A
 Mode #47:   1325.160416            652.8357            975.1067            406.9856            243.7767    A
 Mode #48:   1340.389085           2656.5991           2998.4457           1413.7612            749.6114    A
 Mode #49:   1400.546370            816.0703            832.6609            412.1828            208.1652    A
 Mode #50:   1413.162049           1145.3985           1245.1415            597.6350            311.2854    A
 Mode #51:   1440.293528             13.7068            -39.7484             -6.5104             -9.9371    A
 Mode #52:   1441.936160             77.3025             95.9171             43.3049             23.9793    A
 Mode #53:   1448.948928             68.5743             46.0332             28.6519             11.5083    A
 Mode #54:   1455.448053             71.1774            160.0624             57.8100             40.0156    A
 Mode #55:   1456.415792             17.1988             22.5732              9.9430              5.6433    A
 Mode #56:   1469.887594            119.5246            118.1049             59.4074             29.5262    A
 Mode #57:   1554.686424           8688.7339           19091.3646           4445.0246           2272.8411    A
 Mode #58:   1573.916890           3899.5547           5095.4381           2248.7482           1273.8595    A

 Frequency (New) [cm-1] |      CID(0)       |      CID(180)     |      CID_x(90)    |      CID_z(90)
 -------------------------------------------------------------------------------------------------------
 Mode #1:      43.556171              1.1648              1.5967              1.3807              1.2239    A
 Mode #2:      79.831139              0.2963              0.7767              0.5365              0.4949    A
 Mode #3:      97.115096              0.2541              0.4392              0.3466              0.2627    A
 Mode #4:     148.416993              2.6637              2.6389              2.6513              2.4940    A
 Mode #5:     183.764140              2.9399              8.4748              5.7073              5.3403    A
 Mode #6:     240.850466              2.0183              1.8052              1.9117              1.8277    A
 Mode #7:     252.714525              1.1419             -0.0895              0.5262             -0.0641    A
 Mode #8:     293.848311              4.6692              6.6161              5.6427              5.2206    A
 Mode #9:     336.724387              3.4835              3.9703              3.7269              3.5761    A
 Mode #10:    390.424175              0.7560              1.9551              1.3555              1.6108    A
 Mode #11:    400.041559              2.0834              1.9186              2.0010              1.6805    A
 Mode #12:    512.852476              1.7445              1.3257              1.5351              0.8367    A
 Mode #13:    557.443833              3.0915              3.9824              3.5369              3.4620    A
 Mode #14:    607.625091              4.1065              4.5151              4.3108              4.3332    A
 Mode #15:    623.143679              0.4053              0.0125              0.2089              0.0086    A
 Mode #16:    653.907556              3.3007              4.1443              3.7225              3.4466    A
 Mode #17:    715.892130              4.3080              4.1747              4.2413              3.6308    A
 Mode #18:    741.040629              2.7777              2.1595              2.4686              2.8951    A
 Mode #19:    794.303993              4.7748              2.5275              3.6512              4.5002    A
 Mode #20:    807.736207              0.1530              0.4693              0.3112              1.1223    A
 Mode #21:    882.397559              3.9789              4.3099              4.1444              4.3118    A
 Mode #22:    892.001673             -0.0431              0.3394              0.1482              0.2148    A
 Mode #23:    910.147900             -2.1982              0.3484             -0.9249              1.5843    A
 Mode #24:    923.820151              0.6942             -0.2047              0.2448             -0.1774    A
 Mode #25:    932.991696              2.4155              2.0858              2.2507              1.9736    A
 Mode #26:    958.057883              2.8814              3.2619              3.0716              4.6072    A
 Mode #27:    969.886287             -0.3694             -2.6162             -1.4928             -2.3764    A
 Mode #28:    998.594707              1.0082              0.9139              0.9610              0.7336    A
 Mode #29:   1010.420186              0.9318              1.4755              1.2037              2.1470    A
 Mode #30:   1024.526128              1.0125              1.2949              1.1537              1.2572    A
 Mode #31:   1036.119775              1.6436              2.8769              2.2602              3.2048    A
 Mode #32:   1065.941169              1.3966              2.0373              1.7170              3.0562    A
 Mode #33:   1098.650200              3.1313              3.4380              3.2847              2.8382    A
 Mode #34:   1105.501824              0.0908              0.8311              0.4610              0.7844    A
 Mode #35:   1135.837416              4.2033              3.9474              4.0754              4.1213    A
 Mode #36:   1163.992575              3.3703              4.1007              3.7355              3.8629    A
 Mode #37:   1182.306583              3.9843              3.9098              3.9471              3.6113    A
 Mode #38:   1186.204098              4.2349              4.0490              4.1420              4.7392    A
 Mode #39:   1197.607180              1.8344              1.6035              1.7190              1.5778    A
 Mode #40:   1201.382500              0.3024              0.6782              0.4903              0.8637    A
 Mode #41:   1237.025999             -0.1570             -1.2155             -0.6863             -2.4132    A
 Mode #42:   1251.775892              1.8301              1.6864              1.7583              1.5840    A
 Mode #43:   1262.661598              3.6736              4.8072              4.2404              3.6933    A
 Mode #44:   1274.155218              3.2474              4.7272              3.9873              3.7717    A
 Mode #45:   1295.890024              3.2989              4.3319              3.8154              4.0656    A
 Mode #46:   1304.568596              2.2800              2.6540              2.4670              2.2630    A
 Mode #47:   1325.160416              3.4774              5.1940              4.3357              4.4466    A
 Mode #48:   1340.389085              3.7630              4.2472              4.0051              3.9222    A
 Mode #49:   1400.546370              4.2008              4.2862              4.2435              4.2640    A
 Mode #50:   1413.162049              4.2623              4.6334              4.4479              4.3879    A
 Mode #51:   1440.293528              0.7233             -2.0976             -0.6871             -1.3755    A
 Mode #52:   1441.936160              1.6589              2.0583              1.8586              1.6378    A
 Mode #53:   1448.948928              1.1322              0.7600              0.9461              0.5982    A
 Mode #54:   1455.448053              1.8205              4.0940              2.9573              2.7867    A
 Mode #55:   1456.415792              0.4080              0.5355              0.4718              0.4331    A
 Mode #56:   1469.887594              1.7430              1.7223              1.7326              1.2642    A
 Mode #57:   1554.686424              3.7305              3.9034              3.8170              3.9158    A
 Mode #58:   1573.916890              2.4154              3.1561              2.7858              2.9116    A
